[2023-11-29T07:20:13.946+0000] {taskinstance.py:1083} INFO - Dependencies all met for <TaskInstance: airflow_stores_pg_etl.extract_zip manual__2023-11-29T07:19:51.940410+00:00 [queued]>
[2023-11-29T07:20:13.952+0000] {taskinstance.py:1083} INFO - Dependencies all met for <TaskInstance: airflow_stores_pg_etl.extract_zip manual__2023-11-29T07:19:51.940410+00:00 [queued]>
[2023-11-29T07:20:13.952+0000] {taskinstance.py:1279} INFO - 
--------------------------------------------------------------------------------
[2023-11-29T07:20:13.953+0000] {taskinstance.py:1280} INFO - Starting attempt 1 of 1
[2023-11-29T07:20:13.953+0000] {taskinstance.py:1281} INFO - 
--------------------------------------------------------------------------------
[2023-11-29T07:20:13.986+0000] {taskinstance.py:1300} INFO - Executing <Task(BashOperator): extract_zip> on 2023-11-29 07:19:51.940410+00:00
[2023-11-29T07:20:13.990+0000] {standard_task_runner.py:55} INFO - Started process 26916 to run task
[2023-11-29T07:20:13.993+0000] {standard_task_runner.py:82} INFO - Running: ['airflow', 'tasks', 'run', 'airflow_stores_pg_etl', 'extract_zip', 'manual__2023-11-29T07:19:51.940410+00:00', '--job-id', '8', '--raw', '--subdir', 'DAGS_FOLDER/kaggle_dag.py', '--cfg-path', '/tmp/tmpk21qycxf']
[2023-11-29T07:20:13.995+0000] {standard_task_runner.py:83} INFO - Job 8: Subtask extract_zip
[2023-11-29T07:20:14.050+0000] {task_command.py:388} INFO - Running <TaskInstance: airflow_stores_pg_etl.extract_zip manual__2023-11-29T07:19:51.940410+00:00 [running]> on host codespaces-0b6ae8
[2023-11-29T07:20:14.223+0000] {taskinstance.py:1507} INFO - Exporting the following env vars:
AIRFLOW_CTX_DAG_OWNER=airflow
AIRFLOW_CTX_DAG_ID=airflow_stores_pg_etl
AIRFLOW_CTX_TASK_ID=extract_zip
AIRFLOW_CTX_EXECUTION_DATE=2023-11-29T07:19:51.940410+00:00
AIRFLOW_CTX_TRY_NUMBER=1
AIRFLOW_CTX_DAG_RUN_ID=manual__2023-11-29T07:19:51.940410+00:00
[2023-11-29T07:20:14.224+0000] {subprocess.py:63} INFO - Tmp dir root location: 
 /tmp
[2023-11-29T07:20:14.225+0000] {subprocess.py:75} INFO - Running command: ['/usr/bin/bash', '-c', 'unzip -o /workspaces/hands-on-introduction-data-engineering-4395021/dataset_temp/sales-from-different-stores.zip -d /workspaces/hands-on-introduction-data-engineering-4395021/dataset_temp']
[2023-11-29T07:20:14.234+0000] {subprocess.py:86} INFO - Output:
[2023-11-29T07:20:14.237+0000] {subprocess.py:93} INFO - Archive:  /workspaces/hands-on-introduction-data-engineering-4395021/dataset_temp/sales-from-different-stores.zip
[2023-11-29T07:20:14.315+0000] {subprocess.py:93} INFO -   inflating: /workspaces/hands-on-introduction-data-engineering-4395021/dataset_temp/Different_stores_dataset.csv
[2023-11-29T07:20:14.315+0000] {subprocess.py:97} INFO - Command exited with return code 0
[2023-11-29T07:20:14.355+0000] {taskinstance.py:1318} INFO - Marking task as SUCCESS. dag_id=airflow_stores_pg_etl, task_id=extract_zip, execution_date=20231129T071951, start_date=20231129T072013, end_date=20231129T072014
[2023-11-29T07:20:14.407+0000] {local_task_job.py:208} INFO - Task exited with return code 0
[2023-11-29T07:20:14.430+0000] {taskinstance.py:2578} INFO - 1 downstream tasks scheduled from follow-on schedule check
