[2023-11-29T07:19:14.040+0000] {processor.py:153} INFO - Started process (PID=26351) to work on /workspaces/hands-on-introduction-data-engineering-4395021/airflow/dags/kaggle_dag.py
[2023-11-29T07:19:14.041+0000] {processor.py:743} INFO - Processing file /workspaces/hands-on-introduction-data-engineering-4395021/airflow/dags/kaggle_dag.py for tasks to queue
[2023-11-29T07:19:14.042+0000] {logging_mixin.py:137} INFO - [2023-11-29T07:19:14.041+0000] {dagbag.py:538} INFO - Filling up the DagBag from /workspaces/hands-on-introduction-data-engineering-4395021/airflow/dags/kaggle_dag.py
[2023-11-29T07:19:15.466+0000] {logging_mixin.py:137} INFO - Load
[2023-11-29T07:19:15.472+0000] {processor.py:753} INFO - DAG(s) dict_keys(['airflow_stores_pg_etl']) retrieved from /workspaces/hands-on-introduction-data-engineering-4395021/airflow/dags/kaggle_dag.py
[2023-11-29T07:19:15.636+0000] {logging_mixin.py:137} INFO - [2023-11-29T07:19:15.636+0000] {manager.py:504} INFO - Created Permission View: can edit on DAG:airflow_stores_pg_etl
[2023-11-29T07:19:15.667+0000] {logging_mixin.py:137} INFO - [2023-11-29T07:19:15.667+0000] {manager.py:504} INFO - Created Permission View: can delete on DAG:airflow_stores_pg_etl
[2023-11-29T07:19:15.696+0000] {logging_mixin.py:137} INFO - [2023-11-29T07:19:15.696+0000] {manager.py:504} INFO - Created Permission View: can read on DAG:airflow_stores_pg_etl
[2023-11-29T07:19:15.696+0000] {logging_mixin.py:137} INFO - [2023-11-29T07:19:15.696+0000] {dag.py:2690} INFO - Sync 1 DAGs
[2023-11-29T07:19:15.705+0000] {logging_mixin.py:137} INFO - [2023-11-29T07:19:15.704+0000] {dag.py:2711} INFO - Creating ORM DAG for airflow_stores_pg_etl
[2023-11-29T07:19:15.713+0000] {logging_mixin.py:137} INFO - [2023-11-29T07:19:15.713+0000] {dag.py:3437} INFO - Setting next_dagrun for airflow_stores_pg_etl to 2023-11-28T00:00:00+00:00, run_after=2023-11-29T00:00:00+00:00
[2023-11-29T07:19:15.748+0000] {processor.py:175} INFO - Processing /workspaces/hands-on-introduction-data-engineering-4395021/airflow/dags/kaggle_dag.py took 1.710 seconds
[2023-11-29T07:19:46.006+0000] {processor.py:153} INFO - Started process (PID=26569) to work on /workspaces/hands-on-introduction-data-engineering-4395021/airflow/dags/kaggle_dag.py
[2023-11-29T07:19:46.007+0000] {processor.py:743} INFO - Processing file /workspaces/hands-on-introduction-data-engineering-4395021/airflow/dags/kaggle_dag.py for tasks to queue
[2023-11-29T07:19:46.008+0000] {logging_mixin.py:137} INFO - [2023-11-29T07:19:46.007+0000] {dagbag.py:538} INFO - Filling up the DagBag from /workspaces/hands-on-introduction-data-engineering-4395021/airflow/dags/kaggle_dag.py
[2023-11-29T07:19:46.293+0000] {logging_mixin.py:137} INFO - Load
[2023-11-29T07:19:46.299+0000] {processor.py:753} INFO - DAG(s) dict_keys(['airflow_stores_pg_etl']) retrieved from /workspaces/hands-on-introduction-data-engineering-4395021/airflow/dags/kaggle_dag.py
[2023-11-29T07:19:46.312+0000] {logging_mixin.py:137} INFO - [2023-11-29T07:19:46.312+0000] {dag.py:2690} INFO - Sync 1 DAGs
[2023-11-29T07:19:46.330+0000] {logging_mixin.py:137} INFO - [2023-11-29T07:19:46.330+0000] {dag.py:3437} INFO - Setting next_dagrun for airflow_stores_pg_etl to 2023-11-28T00:00:00+00:00, run_after=2023-11-29T00:00:00+00:00
[2023-11-29T07:19:46.382+0000] {processor.py:175} INFO - Processing /workspaces/hands-on-introduction-data-engineering-4395021/airflow/dags/kaggle_dag.py took 0.378 seconds
[2023-11-29T07:20:20.047+0000] {processor.py:153} INFO - Started process (PID=26991) to work on /workspaces/hands-on-introduction-data-engineering-4395021/airflow/dags/kaggle_dag.py
[2023-11-29T07:20:20.048+0000] {processor.py:743} INFO - Processing file /workspaces/hands-on-introduction-data-engineering-4395021/airflow/dags/kaggle_dag.py for tasks to queue
[2023-11-29T07:20:20.048+0000] {logging_mixin.py:137} INFO - [2023-11-29T07:20:20.048+0000] {dagbag.py:538} INFO - Filling up the DagBag from /workspaces/hands-on-introduction-data-engineering-4395021/airflow/dags/kaggle_dag.py
[2023-11-29T07:20:20.325+0000] {logging_mixin.py:137} INFO - Load
[2023-11-29T07:20:20.330+0000] {processor.py:753} INFO - DAG(s) dict_keys(['airflow_stores_pg_etl']) retrieved from /workspaces/hands-on-introduction-data-engineering-4395021/airflow/dags/kaggle_dag.py
[2023-11-29T07:20:20.342+0000] {logging_mixin.py:137} INFO - [2023-11-29T07:20:20.342+0000] {dag.py:2690} INFO - Sync 1 DAGs
[2023-11-29T07:20:20.363+0000] {logging_mixin.py:137} INFO - [2023-11-29T07:20:20.363+0000] {dag.py:3437} INFO - Setting next_dagrun for airflow_stores_pg_etl to 2023-11-29T00:00:00+00:00, run_after=2023-11-30T00:00:00+00:00
[2023-11-29T07:20:20.403+0000] {processor.py:175} INFO - Processing /workspaces/hands-on-introduction-data-engineering-4395021/airflow/dags/kaggle_dag.py took 0.358 seconds
[2023-11-29T07:20:51.431+0000] {processor.py:153} INFO - Started process (PID=27208) to work on /workspaces/hands-on-introduction-data-engineering-4395021/airflow/dags/kaggle_dag.py
[2023-11-29T07:20:51.432+0000] {processor.py:743} INFO - Processing file /workspaces/hands-on-introduction-data-engineering-4395021/airflow/dags/kaggle_dag.py for tasks to queue
[2023-11-29T07:20:51.433+0000] {logging_mixin.py:137} INFO - [2023-11-29T07:20:51.433+0000] {dagbag.py:538} INFO - Filling up the DagBag from /workspaces/hands-on-introduction-data-engineering-4395021/airflow/dags/kaggle_dag.py
[2023-11-29T07:20:51.714+0000] {logging_mixin.py:137} INFO - Load
[2023-11-29T07:20:51.721+0000] {processor.py:753} INFO - DAG(s) dict_keys(['airflow_stores_pg_etl']) retrieved from /workspaces/hands-on-introduction-data-engineering-4395021/airflow/dags/kaggle_dag.py
[2023-11-29T07:20:51.736+0000] {logging_mixin.py:137} INFO - [2023-11-29T07:20:51.735+0000] {dag.py:2690} INFO - Sync 1 DAGs
[2023-11-29T07:20:51.751+0000] {logging_mixin.py:137} INFO - [2023-11-29T07:20:51.751+0000] {dag.py:3437} INFO - Setting next_dagrun for airflow_stores_pg_etl to 2023-11-29T00:00:00+00:00, run_after=2023-11-30T00:00:00+00:00
[2023-11-29T07:20:51.789+0000] {processor.py:175} INFO - Processing /workspaces/hands-on-introduction-data-engineering-4395021/airflow/dags/kaggle_dag.py took 0.359 seconds
[2023-11-29T07:21:21.883+0000] {processor.py:153} INFO - Started process (PID=27410) to work on /workspaces/hands-on-introduction-data-engineering-4395021/airflow/dags/kaggle_dag.py
[2023-11-29T07:21:21.884+0000] {processor.py:743} INFO - Processing file /workspaces/hands-on-introduction-data-engineering-4395021/airflow/dags/kaggle_dag.py for tasks to queue
[2023-11-29T07:21:21.884+0000] {logging_mixin.py:137} INFO - [2023-11-29T07:21:21.884+0000] {dagbag.py:538} INFO - Filling up the DagBag from /workspaces/hands-on-introduction-data-engineering-4395021/airflow/dags/kaggle_dag.py
[2023-11-29T07:21:22.168+0000] {logging_mixin.py:137} INFO - Load
[2023-11-29T07:21:22.173+0000] {processor.py:753} INFO - DAG(s) dict_keys(['airflow_stores_pg_etl']) retrieved from /workspaces/hands-on-introduction-data-engineering-4395021/airflow/dags/kaggle_dag.py
[2023-11-29T07:21:22.185+0000] {logging_mixin.py:137} INFO - [2023-11-29T07:21:22.185+0000] {dag.py:2690} INFO - Sync 1 DAGs
[2023-11-29T07:21:22.202+0000] {logging_mixin.py:137} INFO - [2023-11-29T07:21:22.202+0000] {dag.py:3437} INFO - Setting next_dagrun for airflow_stores_pg_etl to 2023-11-29T00:00:00+00:00, run_after=2023-11-30T00:00:00+00:00
[2023-11-29T07:21:22.242+0000] {processor.py:175} INFO - Processing /workspaces/hands-on-introduction-data-engineering-4395021/airflow/dags/kaggle_dag.py took 0.361 seconds
[2023-11-29T07:24:46.564+0000] {processor.py:153} INFO - Started process (PID=29045) to work on /workspaces/hands-on-introduction-data-engineering-4395021/airflow/dags/kaggle_dag.py
[2023-11-29T07:24:46.564+0000] {processor.py:743} INFO - Processing file /workspaces/hands-on-introduction-data-engineering-4395021/airflow/dags/kaggle_dag.py for tasks to queue
[2023-11-29T07:24:46.565+0000] {logging_mixin.py:137} INFO - [2023-11-29T07:24:46.565+0000] {dagbag.py:538} INFO - Filling up the DagBag from /workspaces/hands-on-introduction-data-engineering-4395021/airflow/dags/kaggle_dag.py
[2023-11-29T07:24:46.854+0000] {logging_mixin.py:137} INFO - Load
[2023-11-29T07:24:46.860+0000] {processor.py:753} INFO - DAG(s) dict_keys(['airflow_stores_pg_etl']) retrieved from /workspaces/hands-on-introduction-data-engineering-4395021/airflow/dags/kaggle_dag.py
[2023-11-29T07:24:46.874+0000] {logging_mixin.py:137} INFO - [2023-11-29T07:24:46.874+0000] {dag.py:2690} INFO - Sync 1 DAGs
[2023-11-29T07:24:46.890+0000] {logging_mixin.py:137} INFO - [2023-11-29T07:24:46.890+0000] {dag.py:3437} INFO - Setting next_dagrun for airflow_stores_pg_etl to 2023-11-29T00:00:00+00:00, run_after=2023-11-30T00:00:00+00:00
[2023-11-29T07:24:46.926+0000] {processor.py:175} INFO - Processing /workspaces/hands-on-introduction-data-engineering-4395021/airflow/dags/kaggle_dag.py took 0.365 seconds
[2023-11-29T07:25:17.919+0000] {processor.py:153} INFO - Started process (PID=29309) to work on /workspaces/hands-on-introduction-data-engineering-4395021/airflow/dags/kaggle_dag.py
[2023-11-29T07:25:17.920+0000] {processor.py:743} INFO - Processing file /workspaces/hands-on-introduction-data-engineering-4395021/airflow/dags/kaggle_dag.py for tasks to queue
[2023-11-29T07:25:17.920+0000] {logging_mixin.py:137} INFO - [2023-11-29T07:25:17.920+0000] {dagbag.py:538} INFO - Filling up the DagBag from /workspaces/hands-on-introduction-data-engineering-4395021/airflow/dags/kaggle_dag.py
[2023-11-29T07:25:18.197+0000] {logging_mixin.py:137} INFO - Load
[2023-11-29T07:25:18.202+0000] {processor.py:753} INFO - DAG(s) dict_keys(['airflow_stores_pg_etl']) retrieved from /workspaces/hands-on-introduction-data-engineering-4395021/airflow/dags/kaggle_dag.py
[2023-11-29T07:25:18.214+0000] {logging_mixin.py:137} INFO - [2023-11-29T07:25:18.213+0000] {dag.py:2690} INFO - Sync 1 DAGs
[2023-11-29T07:25:18.231+0000] {logging_mixin.py:137} INFO - [2023-11-29T07:25:18.230+0000] {dag.py:3437} INFO - Setting next_dagrun for airflow_stores_pg_etl to 2023-11-29T00:00:00+00:00, run_after=2023-11-30T00:00:00+00:00
[2023-11-29T07:25:18.273+0000] {processor.py:175} INFO - Processing /workspaces/hands-on-introduction-data-engineering-4395021/airflow/dags/kaggle_dag.py took 0.356 seconds
[2023-11-29T07:25:49.316+0000] {processor.py:153} INFO - Started process (PID=29495) to work on /workspaces/hands-on-introduction-data-engineering-4395021/airflow/dags/kaggle_dag.py
[2023-11-29T07:25:49.317+0000] {processor.py:743} INFO - Processing file /workspaces/hands-on-introduction-data-engineering-4395021/airflow/dags/kaggle_dag.py for tasks to queue
[2023-11-29T07:25:49.317+0000] {logging_mixin.py:137} INFO - [2023-11-29T07:25:49.317+0000] {dagbag.py:538} INFO - Filling up the DagBag from /workspaces/hands-on-introduction-data-engineering-4395021/airflow/dags/kaggle_dag.py
[2023-11-29T07:25:49.723+0000] {logging_mixin.py:137} INFO - Load
[2023-11-29T07:25:49.731+0000] {processor.py:753} INFO - DAG(s) dict_keys(['airflow_stores_pg_etl']) retrieved from /workspaces/hands-on-introduction-data-engineering-4395021/airflow/dags/kaggle_dag.py
[2023-11-29T07:25:49.748+0000] {logging_mixin.py:137} INFO - [2023-11-29T07:25:49.748+0000] {dag.py:2690} INFO - Sync 1 DAGs
[2023-11-29T07:25:49.771+0000] {logging_mixin.py:137} INFO - [2023-11-29T07:25:49.771+0000] {dag.py:3437} INFO - Setting next_dagrun for airflow_stores_pg_etl to 2023-11-29T00:00:00+00:00, run_after=2023-11-30T00:00:00+00:00
[2023-11-29T07:25:49.815+0000] {processor.py:175} INFO - Processing /workspaces/hands-on-introduction-data-engineering-4395021/airflow/dags/kaggle_dag.py took 0.501 seconds
[2023-11-29T07:26:19.997+0000] {processor.py:153} INFO - Started process (PID=29678) to work on /workspaces/hands-on-introduction-data-engineering-4395021/airflow/dags/kaggle_dag.py
[2023-11-29T07:26:19.998+0000] {processor.py:743} INFO - Processing file /workspaces/hands-on-introduction-data-engineering-4395021/airflow/dags/kaggle_dag.py for tasks to queue
[2023-11-29T07:26:19.999+0000] {logging_mixin.py:137} INFO - [2023-11-29T07:26:19.999+0000] {dagbag.py:538} INFO - Filling up the DagBag from /workspaces/hands-on-introduction-data-engineering-4395021/airflow/dags/kaggle_dag.py
[2023-11-29T07:26:20.278+0000] {logging_mixin.py:137} INFO - Load
[2023-11-29T07:26:20.283+0000] {processor.py:753} INFO - DAG(s) dict_keys(['airflow_stores_pg_etl']) retrieved from /workspaces/hands-on-introduction-data-engineering-4395021/airflow/dags/kaggle_dag.py
[2023-11-29T07:26:20.296+0000] {logging_mixin.py:137} INFO - [2023-11-29T07:26:20.296+0000] {dag.py:2690} INFO - Sync 1 DAGs
[2023-11-29T07:26:20.312+0000] {logging_mixin.py:137} INFO - [2023-11-29T07:26:20.312+0000] {dag.py:3437} INFO - Setting next_dagrun for airflow_stores_pg_etl to 2023-11-29T00:00:00+00:00, run_after=2023-11-30T00:00:00+00:00
[2023-11-29T07:26:20.349+0000] {processor.py:175} INFO - Processing /workspaces/hands-on-introduction-data-engineering-4395021/airflow/dags/kaggle_dag.py took 0.354 seconds
[2023-11-29T07:26:50.802+0000] {processor.py:153} INFO - Started process (PID=29863) to work on /workspaces/hands-on-introduction-data-engineering-4395021/airflow/dags/kaggle_dag.py
[2023-11-29T07:26:50.803+0000] {processor.py:743} INFO - Processing file /workspaces/hands-on-introduction-data-engineering-4395021/airflow/dags/kaggle_dag.py for tasks to queue
[2023-11-29T07:26:50.803+0000] {logging_mixin.py:137} INFO - [2023-11-29T07:26:50.803+0000] {dagbag.py:538} INFO - Filling up the DagBag from /workspaces/hands-on-introduction-data-engineering-4395021/airflow/dags/kaggle_dag.py
[2023-11-29T07:26:51.100+0000] {logging_mixin.py:137} INFO - Load
[2023-11-29T07:26:51.108+0000] {processor.py:753} INFO - DAG(s) dict_keys(['airflow_stores_pg_etl']) retrieved from /workspaces/hands-on-introduction-data-engineering-4395021/airflow/dags/kaggle_dag.py
[2023-11-29T07:26:51.128+0000] {logging_mixin.py:137} INFO - [2023-11-29T07:26:51.128+0000] {dag.py:2690} INFO - Sync 1 DAGs
[2023-11-29T07:26:51.154+0000] {logging_mixin.py:137} INFO - [2023-11-29T07:26:51.154+0000] {dag.py:3437} INFO - Setting next_dagrun for airflow_stores_pg_etl to 2023-11-29T00:00:00+00:00, run_after=2023-11-30T00:00:00+00:00
[2023-11-29T07:26:51.197+0000] {processor.py:175} INFO - Processing /workspaces/hands-on-introduction-data-engineering-4395021/airflow/dags/kaggle_dag.py took 0.398 seconds
[2023-11-29T07:32:49.332+0000] {processor.py:153} INFO - Started process (PID=32208) to work on /workspaces/hands-on-introduction-data-engineering-4395021/airflow/dags/kaggle_dag.py
[2023-11-29T07:32:49.333+0000] {processor.py:743} INFO - Processing file /workspaces/hands-on-introduction-data-engineering-4395021/airflow/dags/kaggle_dag.py for tasks to queue
[2023-11-29T07:32:49.334+0000] {logging_mixin.py:137} INFO - [2023-11-29T07:32:49.334+0000] {dagbag.py:538} INFO - Filling up the DagBag from /workspaces/hands-on-introduction-data-engineering-4395021/airflow/dags/kaggle_dag.py
[2023-11-29T07:32:49.655+0000] {logging_mixin.py:137} INFO - Load
[2023-11-29T07:32:49.662+0000] {processor.py:753} INFO - DAG(s) dict_keys(['airflow_stores_pg_etl']) retrieved from /workspaces/hands-on-introduction-data-engineering-4395021/airflow/dags/kaggle_dag.py
[2023-11-29T07:32:49.710+0000] {logging_mixin.py:137} INFO - [2023-11-29T07:32:49.709+0000] {dag.py:2690} INFO - Sync 1 DAGs
[2023-11-29T07:32:49.731+0000] {logging_mixin.py:137} INFO - [2023-11-29T07:32:49.731+0000] {dag.py:3437} INFO - Setting next_dagrun for airflow_stores_pg_etl to 2023-11-29T00:00:00+00:00, run_after=2023-11-30T00:00:00+00:00
[2023-11-29T07:32:49.783+0000] {processor.py:175} INFO - Processing /workspaces/hands-on-introduction-data-engineering-4395021/airflow/dags/kaggle_dag.py took 0.452 seconds
[2023-11-29T07:33:20.064+0000] {processor.py:153} INFO - Started process (PID=32521) to work on /workspaces/hands-on-introduction-data-engineering-4395021/airflow/dags/kaggle_dag.py
[2023-11-29T07:33:20.065+0000] {processor.py:743} INFO - Processing file /workspaces/hands-on-introduction-data-engineering-4395021/airflow/dags/kaggle_dag.py for tasks to queue
[2023-11-29T07:33:20.065+0000] {logging_mixin.py:137} INFO - [2023-11-29T07:33:20.065+0000] {dagbag.py:538} INFO - Filling up the DagBag from /workspaces/hands-on-introduction-data-engineering-4395021/airflow/dags/kaggle_dag.py
[2023-11-29T07:33:20.373+0000] {logging_mixin.py:137} INFO - Load
[2023-11-29T07:33:20.378+0000] {processor.py:753} INFO - DAG(s) dict_keys(['airflow_stores_pg_etl']) retrieved from /workspaces/hands-on-introduction-data-engineering-4395021/airflow/dags/kaggle_dag.py
[2023-11-29T07:33:20.390+0000] {logging_mixin.py:137} INFO - [2023-11-29T07:33:20.390+0000] {dag.py:2690} INFO - Sync 1 DAGs
[2023-11-29T07:33:20.405+0000] {logging_mixin.py:137} INFO - [2023-11-29T07:33:20.405+0000] {dag.py:3437} INFO - Setting next_dagrun for airflow_stores_pg_etl to 2023-11-29T00:00:00+00:00, run_after=2023-11-30T00:00:00+00:00
[2023-11-29T07:33:20.444+0000] {processor.py:175} INFO - Processing /workspaces/hands-on-introduction-data-engineering-4395021/airflow/dags/kaggle_dag.py took 0.382 seconds
[2023-11-29T07:33:50.567+0000] {processor.py:153} INFO - Started process (PID=32702) to work on /workspaces/hands-on-introduction-data-engineering-4395021/airflow/dags/kaggle_dag.py
[2023-11-29T07:33:50.568+0000] {processor.py:743} INFO - Processing file /workspaces/hands-on-introduction-data-engineering-4395021/airflow/dags/kaggle_dag.py for tasks to queue
[2023-11-29T07:33:50.569+0000] {logging_mixin.py:137} INFO - [2023-11-29T07:33:50.569+0000] {dagbag.py:538} INFO - Filling up the DagBag from /workspaces/hands-on-introduction-data-engineering-4395021/airflow/dags/kaggle_dag.py
[2023-11-29T07:33:50.876+0000] {logging_mixin.py:137} INFO - Load
[2023-11-29T07:33:50.881+0000] {processor.py:753} INFO - DAG(s) dict_keys(['airflow_stores_pg_etl']) retrieved from /workspaces/hands-on-introduction-data-engineering-4395021/airflow/dags/kaggle_dag.py
[2023-11-29T07:33:50.892+0000] {logging_mixin.py:137} INFO - [2023-11-29T07:33:50.892+0000] {dag.py:2690} INFO - Sync 1 DAGs
[2023-11-29T07:33:50.908+0000] {logging_mixin.py:137} INFO - [2023-11-29T07:33:50.908+0000] {dag.py:3437} INFO - Setting next_dagrun for airflow_stores_pg_etl to 2023-11-29T00:00:00+00:00, run_after=2023-11-30T00:00:00+00:00
[2023-11-29T07:33:50.945+0000] {processor.py:175} INFO - Processing /workspaces/hands-on-introduction-data-engineering-4395021/airflow/dags/kaggle_dag.py took 0.380 seconds
