[2023-11-29T07:20:11.157+0000] {taskinstance.py:1083} INFO - Dependencies all met for <TaskInstance: airflow_stores_pg_etl.extract_zip scheduled__2023-11-28T00:00:00+00:00 [queued]>
[2023-11-29T07:20:11.163+0000] {taskinstance.py:1083} INFO - Dependencies all met for <TaskInstance: airflow_stores_pg_etl.extract_zip scheduled__2023-11-28T00:00:00+00:00 [queued]>
[2023-11-29T07:20:11.164+0000] {taskinstance.py:1279} INFO - 
--------------------------------------------------------------------------------
[2023-11-29T07:20:11.164+0000] {taskinstance.py:1280} INFO - Starting attempt 1 of 1
[2023-11-29T07:20:11.164+0000] {taskinstance.py:1281} INFO - 
--------------------------------------------------------------------------------
[2023-11-29T07:20:11.200+0000] {taskinstance.py:1300} INFO - Executing <Task(BashOperator): extract_zip> on 2023-11-28 00:00:00+00:00
[2023-11-29T07:20:11.204+0000] {standard_task_runner.py:55} INFO - Started process 26874 to run task
[2023-11-29T07:20:11.207+0000] {standard_task_runner.py:82} INFO - Running: ['airflow', 'tasks', 'run', 'airflow_stores_pg_etl', 'extract_zip', 'scheduled__2023-11-28T00:00:00+00:00', '--job-id', '7', '--raw', '--subdir', 'DAGS_FOLDER/kaggle_dag.py', '--cfg-path', '/tmp/tmpdool_c2t']
[2023-11-29T07:20:11.208+0000] {standard_task_runner.py:83} INFO - Job 7: Subtask extract_zip
[2023-11-29T07:20:11.266+0000] {task_command.py:388} INFO - Running <TaskInstance: airflow_stores_pg_etl.extract_zip scheduled__2023-11-28T00:00:00+00:00 [running]> on host codespaces-0b6ae8
[2023-11-29T07:20:11.439+0000] {taskinstance.py:1507} INFO - Exporting the following env vars:
AIRFLOW_CTX_DAG_OWNER=airflow
AIRFLOW_CTX_DAG_ID=airflow_stores_pg_etl
AIRFLOW_CTX_TASK_ID=extract_zip
AIRFLOW_CTX_EXECUTION_DATE=2023-11-28T00:00:00+00:00
AIRFLOW_CTX_TRY_NUMBER=1
AIRFLOW_CTX_DAG_RUN_ID=scheduled__2023-11-28T00:00:00+00:00
[2023-11-29T07:20:11.441+0000] {subprocess.py:63} INFO - Tmp dir root location: 
 /tmp
[2023-11-29T07:20:11.442+0000] {subprocess.py:75} INFO - Running command: ['/usr/bin/bash', '-c', 'unzip -o /workspaces/hands-on-introduction-data-engineering-4395021/dataset_temp/sales-from-different-stores.zip -d /workspaces/hands-on-introduction-data-engineering-4395021/dataset_temp']
[2023-11-29T07:20:11.450+0000] {subprocess.py:86} INFO - Output:
[2023-11-29T07:20:11.475+0000] {subprocess.py:93} INFO - Archive:  /workspaces/hands-on-introduction-data-engineering-4395021/dataset_temp/sales-from-different-stores.zip
[2023-11-29T07:20:11.561+0000] {subprocess.py:93} INFO -   inflating: /workspaces/hands-on-introduction-data-engineering-4395021/dataset_temp/Different_stores_dataset.csv
[2023-11-29T07:20:11.561+0000] {subprocess.py:97} INFO - Command exited with return code 0
[2023-11-29T07:20:11.598+0000] {taskinstance.py:1318} INFO - Marking task as SUCCESS. dag_id=airflow_stores_pg_etl, task_id=extract_zip, execution_date=20231128T000000, start_date=20231129T072011, end_date=20231129T072011
[2023-11-29T07:20:11.660+0000] {local_task_job.py:208} INFO - Task exited with return code 0
[2023-11-29T07:20:11.678+0000] {taskinstance.py:2578} INFO - 1 downstream tasks scheduled from follow-on schedule check
